<?xml version="1.0" encoding="UTF-8"?>
<!-- Generated by org.testng.reporters.JUnitReportReporter -->
<testsuite hostname="LAPTOP-D4RH5SI9" failures="0" tests="2" name="com.project.Practice.demoClass1test" time="0.164" errors="0" timestamp="2023-11-29T15:15:39 GMT+05:30" skipped="0">
  <testcase classname="com.project.Practice.demoClass1test" name="test21" time="0.161"/>
  <system-out>
    <![CDATA[--test1--]]>
  </system-out>
  <testcase classname="com.project.Practice.demoClass1test" name="test22" time="0.003"/>
  <system-out>
    <![CDATA[--test2--]]>
  </system-out>
</testsuite> <!-- com.project.Practice.demoClass1test -->
